2025-11-15 10:01:03 - __main__ - INFO - Starting FastAPI server...
2025-11-15 10:25:59 - server - INFO - {'message': '파일 업로드 성공', 'original_path': 'C:\\Users\\jongb\\Desktop\\temp\\Foundations of Large Language Models_2501.09223v2.pdf', 'saved_path': './uploaded/project01/Foundations of Large Language Models_2501.09223v2.pdf', 'filename': 'Foundations of Large Language Models_2501.09223v2.pdf'}
2025-11-15 10:26:01 - server - INFO - {'message': '파일 업로드 성공', 'original_path': 'C:\\Users\\jongb\\Desktop\\temp\\sales.csv', 'saved_path': './uploaded/project01/sales.csv', 'filename': 'sales.csv'}
2025-11-15 10:26:04 - server - INFO - {'message': '파일 업로드 성공', 'original_path': 'C:\\Users\\jongb\\Desktop\\temp\\Speech and Language Processing.pdf', 'saved_path': './uploaded/project01/Speech and Language Processing.pdf', 'filename': 'Speech and Language Processing.pdf'}
2025-11-15 10:26:18 - server - INFO - {'message': '파일 업로드 성공', 'original_path': 'C:\\Users\\jongb\\Desktop\\temp\\Foundations of Large Language Models_2501.09223v2.pdf', 'saved_path': './uploaded/project01/Foundations of Large Language Models_2501.09223v2.pdf', 'filename': 'Foundations of Large Language Models_2501.09223v2.pdf'}
2025-11-15 10:26:20 - server - INFO - {'message': '파일 업로드 성공', 'original_path': 'C:\\Users\\jongb\\Desktop\\temp\\sales.csv', 'saved_path': './uploaded/project01/sales.csv', 'filename': 'sales.csv'}
2025-11-15 10:26:22 - server - INFO - {'message': '파일 업로드 성공', 'original_path': 'C:\\Users\\jongb\\Desktop\\temp\\Speech and Language Processing.pdf', 'saved_path': './uploaded/project01/Speech and Language Processing.pdf', 'filename': 'Speech and Language Processing.pdf'}
2025-11-15 10:36:06 - server - INFO - {'message': '파일 업로드 성공', 'original_path': 'C:\\Users\\jongb\\Desktop\\temp\\Foundations of Large Language Models_2501.09223v2.pdf', 'saved_path': './uploaded/project01/Foundations of Large Language Models_2501.09223v2.pdf', 'filename': 'Foundations of Large Language Models_2501.09223v2.pdf'}
2025-11-15 10:36:08 - server - INFO - {'message': '파일 업로드 성공', 'original_path': 'C:\\Users\\jongb\\Desktop\\temp\\sales.csv', 'saved_path': './uploaded/project01/sales.csv', 'filename': 'sales.csv'}
2025-11-15 10:36:10 - server - INFO - {'message': '파일 업로드 성공', 'original_path': 'C:\\Users\\jongb\\Desktop\\temp\\sub_01\\sub_02\\Speech and Language Processing.pdf', 'saved_path': './uploaded/project01/Speech and Language Processing.pdf', 'filename': 'Speech and Language Processing.pdf'}
2025-11-15 10:45:49 - server - INFO - {'message': '파일 업로드 성공', 'original_path': 'C:/Users/jongb/Desktop/temp\\Foundations of Large Language Models_2501.09223v2.pdf', 'saved_path': './uploaded/project01temp/Foundations of Large Language Models_2501.09223v2.pdf', 'filename': 'Foundations of Large Language Models_2501.09223v2.pdf'}
2025-11-15 10:45:51 - server - INFO - {'message': '파일 업로드 성공', 'original_path': 'C:/Users/jongb/Desktop/temp\\sales.csv', 'saved_path': './uploaded/project01temp/sales.csv', 'filename': 'sales.csv'}
2025-11-15 10:45:54 - server - INFO - {'message': '파일 업로드 성공', 'original_path': 'C:/Users/jongb/Desktop/temp\\sub_01\\sub_02\\Speech and Language Processing.pdf', 'saved_path': './uploaded/project01temp/sub_01/sub_02/Speech and Language Processing.pdf', 'filename': 'Speech and Language Processing.pdf'}
2025-11-15 10:47:21 - server - INFO - {'message': '파일 업로드 성공', 'original_path': 'C:/Users/jongb/Desktop/temp\\Foundations of Large Language Models_2501.09223v2.pdf', 'saved_path': './uploaded/project01/Foundations of Large Language Models_2501.09223v2.pdf', 'filename': 'Foundations of Large Language Models_2501.09223v2.pdf'}
2025-11-15 10:47:23 - server - INFO - {'message': '파일 업로드 성공', 'original_path': 'C:/Users/jongb/Desktop/temp\\sales.csv', 'saved_path': './uploaded/project01/sales.csv', 'filename': 'sales.csv'}
2025-11-15 10:47:26 - server - INFO - {'message': '파일 업로드 성공', 'original_path': 'C:/Users/jongb/Desktop/temp\\sub_01\\sub_02\\Speech and Language Processing.pdf', 'saved_path': './uploaded/project01/sub_01/sub_02/Speech and Language Processing.pdf', 'filename': 'Speech and Language Processing.pdf'}
2025-11-15 10:50:39 - server - INFO - {'message': '파일 업로드 성공', 'original_path': 'C:/Users/jongb/Desktop/temp\\Foundations of Large Language Models_2501.09223v2.pdf', 'saved_path': './uploaded/project01/Foundations of Large Language Models_2501.09223v2.pdf', 'filename': 'Foundations of Large Language Models_2501.09223v2.pdf'}
2025-11-15 10:50:41 - server - INFO - {'message': '파일 업로드 성공', 'original_path': 'C:/Users/jongb/Desktop/temp\\sales.csv', 'saved_path': './uploaded/project01/sales.csv', 'filename': 'sales.csv'}
2025-11-15 10:50:43 - server - INFO - {'message': '파일 업로드 성공', 'original_path': 'C:/Users/jongb/Desktop/temp\\sub_01\\sub_02\\Speech and Language Processing.pdf', 'saved_path': './uploaded/project01/sub_01/sub_02/Speech and Language Processing.pdf', 'filename': 'Speech and Language Processing.pdf'}
2025-11-15 10:52:01 - server - INFO - {'message': '파일 업로드 성공', 'original_path': 'C:/Users/jongb/Desktop/temp\\Foundations of Large Language Models_2501.09223v2.pdf', 'saved_path': './uploaded/project01/Foundations of Large Language Models_2501.09223v2.pdf', 'filename': 'Foundations of Large Language Models_2501.09223v2.pdf'}
2025-11-15 10:52:03 - server - INFO - {'message': '파일 업로드 성공', 'original_path': 'C:/Users/jongb/Desktop/temp\\sales.csv', 'saved_path': './uploaded/project01/sales.csv', 'filename': 'sales.csv'}
2025-11-15 10:52:06 - server - INFO - {'message': '파일 업로드 성공', 'original_path': 'C:/Users/jongb/Desktop/temp\\sub_01\\sub_02\\Speech and Language Processing.pdf', 'saved_path': './uploaded/project01/sub_01/sub_02/Speech and Language Processing.pdf', 'filename': 'Speech and Language Processing.pdf'}
2025-11-15 10:54:37 - server - INFO - {'message': '파일 업로드 성공', 'original_path': 'C:/Users/jongb/Desktop/temp\\Foundations of Large Language Models_2501.09223v2.pdf', 'saved_path': './uploaded/project01/Foundations of Large Language Models_2501.09223v2.pdf', 'filename': 'Foundations of Large Language Models_2501.09223v2.pdf'}
2025-11-15 10:54:40 - server - INFO - {'message': '파일 업로드 성공', 'original_path': 'C:/Users/jongb/Desktop/temp\\sales.csv', 'saved_path': './uploaded/project01/sales.csv', 'filename': 'sales.csv'}
2025-11-15 10:54:42 - server - INFO - {'message': '파일 업로드 성공', 'original_path': 'C:/Users/jongb/Desktop/temp\\sub_01\\sub_02\\Speech and Language Processing.pdf', 'saved_path': './uploaded/project01/sub_01/sub_02/Speech and Language Processing.pdf', 'filename': 'Speech and Language Processing.pdf'}
2025-11-15 10:58:52 - server - INFO - {'message': '파일 업로드 성공', 'original_path': 'C:/Users/jongb/Desktop/temp\\Foundations of Large Language Models_2501.09223v2.pdf', 'saved_path': './uploaded/project01/Foundations of Large Language Models_2501.09223v2.pdf', 'filename': 'Foundations of Large Language Models_2501.09223v2.pdf'}
2025-11-15 10:58:54 - server - INFO - {'message': '파일 업로드 성공', 'original_path': 'C:/Users/jongb/Desktop/temp\\sales.csv', 'saved_path': './uploaded/project01/sales.csv', 'filename': 'sales.csv'}
2025-11-15 10:58:56 - server - INFO - {'message': '파일 업로드 성공', 'original_path': 'C:/Users/jongb/Desktop/temp\\sub_01\\sub_02\\Speech and Language Processing.pdf', 'saved_path': './uploaded/project01/sub_01/sub_02/Speech and Language Processing.pdf', 'filename': 'Speech and Language Processing.pdf'}
2025-11-15 10:59:52 - server - INFO - {'message': '파일 업로드 성공', 'original_path': 'C:/Users/jongb/Desktop/temp\\Foundations of Large Language Models_2501.09223v2.pdf', 'saved_path': './uploaded/project01/Foundations of Large Language Models_2501.09223v2.pdf', 'filename': 'Foundations of Large Language Models_2501.09223v2.pdf'}
2025-11-15 10:59:54 - server - INFO - {'message': '파일 업로드 성공', 'original_path': 'C:/Users/jongb/Desktop/temp\\sales.csv', 'saved_path': './uploaded/project01/sales.csv', 'filename': 'sales.csv'}
2025-11-15 10:59:56 - server - INFO - {'message': '파일 업로드 성공', 'original_path': 'C:/Users/jongb/Desktop/temp\\sub_01\\sub_02\\Speech and Language Processing.pdf', 'saved_path': './uploaded/project01/sub_01/sub_02/Speech and Language Processing.pdf', 'filename': 'Speech and Language Processing.pdf'}
2025-11-15 11:19:08 - server - INFO - {'message': '파일 업로드 성공', 'original_path': 'C:/Users/jongb/Desktop/temp\\Foundations of Large Language Models_2501.09223v2.pdf', 'saved_path': './uploaded/project01/Foundations of Large Language Models_2501.09223v2.pdf', 'filename': 'Foundations of Large Language Models_2501.09223v2.pdf'}
2025-11-15 11:19:10 - server - INFO - {'message': '파일 업로드 성공', 'original_path': 'C:/Users/jongb/Desktop/temp\\sales.csv', 'saved_path': './uploaded/project01/sales.csv', 'filename': 'sales.csv'}
2025-11-15 11:19:12 - server - INFO - {'message': '파일 업로드 성공', 'original_path': 'C:/Users/jongb/Desktop/temp\\sub_01\\sub_02\\Speech and Language Processing.pdf', 'saved_path': './uploaded/project01/sub_01/sub_02/Speech and Language Processing.pdf', 'filename': 'Speech and Language Processing.pdf'}
2025-11-15 11:25:09 - server - INFO - {'message': 'chunk 2/3 업로드 완료'}
2025-11-15 11:26:46 - server - INFO - {'message': 'chunk 1/3 업로드 완료'}
2025-11-15 11:34:57 - server - INFO - {'message': 'chunk 1/3 업로드 완료'}
2025-11-15 11:49:49 - server - INFO - {'message': 'chunk 1/2 업로드 완료'}
2025-11-15 11:49:53 - server - INFO - {'message': 'chunk 1/3 업로드 완료'}
2025-11-15 11:49:55 - server - INFO - {'message': 'chunk 2/3 업로드 완료'}
2025-11-15 11:52:33 - server - INFO - {'message': 'chunk 1/2 업로드 완료'}
2025-11-15 11:52:37 - server - INFO - {'message': 'chunk 1/3 업로드 완료'}
2025-11-15 11:52:39 - server - INFO - {'message': 'chunk 2/3 업로드 완료'}
2025-11-15 11:55:29 - server - INFO - {'message': 'chunk 1/2 업로드 완료'}
2025-11-15 11:55:34 - server - INFO - {'message': 'chunk 1/3 업로드 완료'}
2025-11-15 11:55:36 - server - INFO - {'message': 'chunk 2/3 업로드 완료'}
2025-11-15 11:58:29 - server - INFO - {'message': 'chunk 1/2 업로드 완료'}
2025-11-15 11:58:33 - server - INFO - {'message': 'chunk 1/3 업로드 완료'}
2025-11-15 11:58:35 - server - INFO - {'message': 'chunk 2/3 업로드 완료'}
