2025-11-15 10:23:43 - __main__ - INFO - Upload Success
2025-11-15 10:23:45 - __main__ - INFO - Upload Success
2025-11-15 10:23:47 - __main__ - INFO - Upload Success
2025-11-15 10:24:59 - __main__ - INFO - Upload Success
2025-11-15 10:25:01 - __main__ - INFO - Upload Success
2025-11-15 10:25:03 - __main__ - INFO - Upload Success
2025-11-15 10:25:59 - __main__ - INFO - Upload Success
2025-11-15 10:26:01 - __main__ - INFO - Upload Success
2025-11-15 10:26:04 - __main__ - INFO - Upload Success
2025-11-15 10:26:18 - __main__ - INFO - Upload Success
2025-11-15 10:26:20 - __main__ - INFO - Upload Success
2025-11-15 10:26:22 - __main__ - INFO - Upload Success
2025-11-15 10:36:06 - __main__ - INFO - Uploaded Successfully - C:\Users\jongb\Desktop\temp\Foundations of Large Language Models_2501.09223v2.pdf
2025-11-15 10:36:08 - __main__ - INFO - Uploaded Successfully - C:\Users\jongb\Desktop\temp\sales.csv
2025-11-15 10:36:10 - __main__ - INFO - Uploaded Successfully - C:\Users\jongb\Desktop\temp\sub_01\sub_02\Speech and Language Processing.pdf
2025-11-15 10:39:38 - __main__ - INFO - Uploaded Successfully - C:\Users\jongb\Desktop\temp\Foundations of Large Language Models_2501.09223v2.pdf
2025-11-15 10:39:40 - __main__ - INFO - Uploaded Successfully - C:\Users\jongb\Desktop\temp\sales.csv
2025-11-15 10:39:42 - __main__ - INFO - Uploaded Successfully - C:\Users\jongb\Desktop\temp\sub_01\sub_02\Speech and Language Processing.pdf
2025-11-15 10:40:49 - __main__ - INFO - Uploaded Successfully - C:\Users\jongb\Desktop\temp\Foundations of Large Language Models_2501.09223v2.pdf
2025-11-15 10:40:51 - __main__ - INFO - Uploaded Successfully - C:\Users\jongb\Desktop\temp\sales.csv
2025-11-15 10:40:53 - __main__ - INFO - Uploaded Successfully - C:\Users\jongb\Desktop\temp\sub_01\sub_02\Speech and Language Processing.pdf
2025-11-15 10:41:14 - __main__ - INFO - Uploaded Successfully - C:\Users\jongb\Desktop\temp\Foundations of Large Language Models_2501.09223v2.pdf
2025-11-15 10:41:16 - __main__ - INFO - Uploaded Successfully - C:\Users\jongb\Desktop\temp\sales.csv
2025-11-15 10:41:18 - __main__ - INFO - Uploaded Successfully - C:\Users\jongb\Desktop\temp\sub_01\sub_02\Speech and Language Processing.pdf
2025-11-15 10:44:08 - __main__ - INFO - Uploaded Successfully - C:/Users/jongb/Desktop/temp\Foundations of Large Language Models_2501.09223v2.pdf
2025-11-15 10:44:10 - __main__ - INFO - Uploaded Successfully - C:/Users/jongb/Desktop/temp\sales.csv
2025-11-15 10:44:12 - __main__ - INFO - Uploaded Successfully - C:/Users/jongb/Desktop/temp\sub_01\sub_02\Speech and Language Processing.pdf
2025-11-15 10:45:14 - __main__ - INFO - Uploaded Successfully - C:/Users/jongb/Desktop/temp\Foundations of Large Language Models_2501.09223v2.pdf
2025-11-15 10:45:16 - __main__ - INFO - Uploaded Successfully - C:/Users/jongb/Desktop/temp\sales.csv
2025-11-15 10:45:18 - __main__ - INFO - Uploaded Successfully - C:/Users/jongb/Desktop/temp\sub_01\sub_02\Speech and Language Processing.pdf
2025-11-15 10:45:49 - __main__ - INFO - Uploaded Successfully - C:/Users/jongb/Desktop/temp\Foundations of Large Language Models_2501.09223v2.pdf
2025-11-15 10:45:51 - __main__ - INFO - Uploaded Successfully - C:/Users/jongb/Desktop/temp\sales.csv
2025-11-15 10:45:54 - __main__ - INFO - Uploaded Successfully - C:/Users/jongb/Desktop/temp\sub_01\sub_02\Speech and Language Processing.pdf
2025-11-15 10:47:21 - __main__ - INFO - Uploaded Successfully - C:/Users/jongb/Desktop/temp\Foundations of Large Language Models_2501.09223v2.pdf
2025-11-15 10:47:23 - __main__ - INFO - Uploaded Successfully - C:/Users/jongb/Desktop/temp\sales.csv
2025-11-15 10:47:26 - __main__ - INFO - Uploaded Successfully - C:/Users/jongb/Desktop/temp\sub_01\sub_02\Speech and Language Processing.pdf
2025-11-15 10:50:39 - __main__ - INFO - Uploaded Successfully - C:/Users/jongb/Desktop/temp\Foundations of Large Language Models_2501.09223v2.pdf
2025-11-15 10:50:41 - __main__ - INFO - Uploaded Successfully - C:/Users/jongb/Desktop/temp\sales.csv
2025-11-15 10:50:43 - __main__ - INFO - Uploaded Successfully - C:/Users/jongb/Desktop/temp\sub_01\sub_02\Speech and Language Processing.pdf
2025-11-15 10:52:01 - __main__ - INFO - Uploaded Successfully - C:/Users/jongb/Desktop/temp\Foundations of Large Language Models_2501.09223v2.pdf
2025-11-15 10:52:03 - __main__ - INFO - Uploaded Successfully - C:/Users/jongb/Desktop/temp\sales.csv
2025-11-15 10:52:06 - __main__ - INFO - Uploaded Successfully - C:/Users/jongb/Desktop/temp\sub_01\sub_02\Speech and Language Processing.pdf
2025-11-15 10:54:37 - __main__ - INFO - Uploaded Successfully - C:/Users/jongb/Desktop/temp\Foundations of Large Language Models_2501.09223v2.pdf
2025-11-15 10:54:40 - __main__ - INFO - Uploaded Successfully - C:/Users/jongb/Desktop/temp\sales.csv
2025-11-15 10:54:42 - __main__ - INFO - Uploaded Successfully - C:/Users/jongb/Desktop/temp\sub_01\sub_02\Speech and Language Processing.pdf
2025-11-15 10:58:52 - __main__ - INFO - Uploaded Successfully - C:/Users/jongb/Desktop/temp\Foundations of Large Language Models_2501.09223v2.pdf
2025-11-15 10:58:54 - __main__ - INFO - Uploaded Successfully - C:/Users/jongb/Desktop/temp\sales.csv
2025-11-15 10:58:56 - __main__ - INFO - Uploaded Successfully - C:/Users/jongb/Desktop/temp\sub_01\sub_02\Speech and Language Processing.pdf
2025-11-15 10:59:52 - __main__ - INFO - Uploaded Successfully - C:/Users/jongb/Desktop/temp\Foundations of Large Language Models_2501.09223v2.pdf
2025-11-15 10:59:54 - __main__ - INFO - Uploaded Successfully - C:/Users/jongb/Desktop/temp\sales.csv
2025-11-15 10:59:56 - __main__ - INFO - Uploaded Successfully - C:/Users/jongb/Desktop/temp\sub_01\sub_02\Speech and Language Processing.pdf
2025-11-15 11:10:57 - __main__ - INFO - Chunked file is Uploaded Successfully - C:/Users/jongb/Desktop/temp\Foundations of Large Language Models_2501.09223v2.pdf
2025-11-15 11:10:59 - __main__ - INFO - Chunked file is Uploaded Successfully - C:/Users/jongb/Desktop/temp\sales.csv
2025-11-15 11:11:01 - __main__ - INFO - Chunked file is Uploaded Successfully - C:/Users/jongb/Desktop/temp\sales.csv
2025-11-15 11:11:03 - __main__ - INFO - Chunked file is Uploaded Successfully - C:/Users/jongb/Desktop/temp\sub_01\sub_02\Speech and Language Processing.pdf
2025-11-15 11:11:05 - __main__ - INFO - Chunked file is Uploaded Successfully - C:/Users/jongb/Desktop/temp\sub_01\sub_02\Speech and Language Processing.pdf
2025-11-15 11:11:07 - __main__ - INFO - Chunked file is Uploaded Successfully - C:/Users/jongb/Desktop/temp\sub_01\sub_02\Speech and Language Processing.pdf
2025-11-15 11:12:16 - __main__ - INFO - Chunked file is Uploaded Successfully - C:/Users/jongb/Desktop/temp\Foundations of Large Language Models_2501.09223v2.pdf
2025-11-15 11:12:18 - __main__ - INFO - Chunked file is Uploaded Successfully - C:/Users/jongb/Desktop/temp\sales.csv
2025-11-15 11:12:20 - __main__ - INFO - Chunked file is Uploaded Successfully - C:/Users/jongb/Desktop/temp\sales.csv
2025-11-15 11:12:22 - __main__ - INFO - Chunked file is Uploaded Successfully - C:/Users/jongb/Desktop/temp\sub_01\sub_02\Speech and Language Processing.pdf
2025-11-15 11:12:24 - __main__ - INFO - Chunked file is Uploaded Successfully - C:/Users/jongb/Desktop/temp\sub_01\sub_02\Speech and Language Processing.pdf
2025-11-15 11:12:26 - __main__ - INFO - Chunked file is Uploaded Successfully - C:/Users/jongb/Desktop/temp\sub_01\sub_02\Speech and Language Processing.pdf
2025-11-15 11:12:32 - __main__ - INFO - Chunked file is Uploaded Successfully - C:/Users/jongb/Desktop/temp\Foundations of Large Language Models_2501.09223v2.pdf
2025-11-15 11:12:34 - __main__ - INFO - Chunked file is Uploaded Successfully - C:/Users/jongb/Desktop/temp\sales.csv
2025-11-15 11:12:37 - __main__ - INFO - Chunked file is Uploaded Successfully - C:/Users/jongb/Desktop/temp\sales.csv
2025-11-15 11:12:39 - __main__ - INFO - Chunked file is Uploaded Successfully - C:/Users/jongb/Desktop/temp\sub_01\sub_02\Speech and Language Processing.pdf
2025-11-15 11:12:41 - __main__ - INFO - Chunked file is Uploaded Successfully - C:/Users/jongb/Desktop/temp\sub_01\sub_02\Speech and Language Processing.pdf
2025-11-15 11:12:43 - __main__ - INFO - Chunked file is Uploaded Successfully - C:/Users/jongb/Desktop/temp\sub_01\sub_02\Speech and Language Processing.pdf
2025-11-15 11:15:25 - __main__ - INFO - Chunked file is Uploaded Successfully - C:/Users/jongb/Desktop/temp\Foundations of Large Language Models_2501.09223v2.pdf
2025-11-15 11:15:27 - __main__ - INFO - Chunked file is Uploaded Successfully - C:/Users/jongb/Desktop/temp\sales.csv
2025-11-15 11:15:29 - __main__ - INFO - Chunked file is Uploaded Successfully - C:/Users/jongb/Desktop/temp\sales.csv
2025-11-15 11:15:31 - __main__ - INFO - Chunked file is Uploaded Successfully - C:/Users/jongb/Desktop/temp\sub_01\sub_02\Speech and Language Processing.pdf
2025-11-15 11:15:33 - __main__ - INFO - Chunked file is Uploaded Successfully - C:/Users/jongb/Desktop/temp\sub_01\sub_02\Speech and Language Processing.pdf
2025-11-15 11:15:35 - __main__ - INFO - Chunked file is Uploaded Successfully - C:/Users/jongb/Desktop/temp\sub_01\sub_02\Speech and Language Processing.pdf
2025-11-15 11:19:08 - __main__ - INFO - Uploaded Successfully - C:/Users/jongb/Desktop/temp\Foundations of Large Language Models_2501.09223v2.pdf
2025-11-15 11:19:10 - __main__ - INFO - Uploaded Successfully - C:/Users/jongb/Desktop/temp\sales.csv
2025-11-15 11:19:12 - __main__ - INFO - Uploaded Successfully - C:/Users/jongb/Desktop/temp\sub_01\sub_02\Speech and Language Processing.pdf
2025-11-15 11:22:12 - __main__ - INFO - Chunked file is Uploaded Successfully - C:/Users/jongb/Desktop/temp\Foundations of Large Language Models_2501.09223v2.pdf
2025-11-15 11:22:14 - __main__ - INFO - Chunked file is Uploaded Successfully - C:/Users/jongb/Desktop/temp\sales.csv
2025-11-15 11:22:16 - __main__ - INFO - Chunked file is Uploaded Successfully - C:/Users/jongb/Desktop/temp\sales.csv
2025-11-15 11:22:18 - __main__ - INFO - Chunked file is Uploaded Successfully - C:/Users/jongb/Desktop/temp\sub_01\sub_02\Speech and Language Processing.pdf
2025-11-15 11:22:20 - __main__ - INFO - Chunked file is Uploaded Successfully - C:/Users/jongb/Desktop/temp\sub_01\sub_02\Speech and Language Processing.pdf
2025-11-15 11:22:22 - __main__ - INFO - Chunked file is Uploaded Successfully - C:/Users/jongb/Desktop/temp\sub_01\sub_02\Speech and Language Processing.pdf
2025-11-15 11:23:28 - __main__ - INFO - Chunked file is Uploaded Successfully - C:/Users/jongb/Desktop/temp\Foundations of Large Language Models_2501.09223v2.pdf
2025-11-15 11:23:30 - __main__ - INFO - Chunked file is Uploaded Successfully - C:/Users/jongb/Desktop/temp\sales.csv
2025-11-15 11:23:32 - __main__ - INFO - Chunked file is Uploaded Successfully - C:/Users/jongb/Desktop/temp\sales.csv
2025-11-15 11:23:35 - __main__ - INFO - Chunked file is Uploaded Successfully - C:/Users/jongb/Desktop/temp\sub_01\sub_02\Speech and Language Processing.pdf
2025-11-15 11:23:37 - __main__ - INFO - Chunked file is Uploaded Successfully - C:/Users/jongb/Desktop/temp\sub_01\sub_02\Speech and Language Processing.pdf
2025-11-15 11:23:39 - __main__ - INFO - Chunked file is Uploaded Successfully - C:/Users/jongb/Desktop/temp\sub_01\sub_02\Speech and Language Processing.pdf
2025-11-15 11:33:14 - __main__ - INFO - Chunked file is Uploaded Successfully - C:/Users/jongb/Desktop/temp\Foundations of Large Language Models_2501.09223v2.pdf
2025-11-15 11:33:19 - __main__ - INFO - Chunked file is Uploaded Successfully - C:/Users/jongb/Desktop/temp\sales.csv
2025-11-15 11:33:21 - __main__ - INFO - Chunked file is Uploaded Successfully - C:/Users/jongb/Desktop/temp\sales.csv
2025-11-15 11:33:23 - __main__ - INFO - Chunked file is Uploaded Successfully - C:/Users/jongb/Desktop/temp\sub_01\sub_02\Speech and Language Processing.pdf
2025-11-15 11:33:26 - __main__ - INFO - Chunked file is Uploaded Successfully - C:/Users/jongb/Desktop/temp\sub_01\sub_02\Speech and Language Processing.pdf
2025-11-15 11:33:28 - __main__ - INFO - Chunked file is Uploaded Successfully - C:/Users/jongb/Desktop/temp\sub_01\sub_02\Speech and Language Processing.pdf
2025-11-15 11:33:45 - __main__ - INFO - Chunked file is Uploaded Successfully - C:/Users/jongb/Desktop/temp\Foundations of Large Language Models_2501.09223v2.pdf
2025-11-15 11:33:48 - __main__ - INFO - Chunked file is Uploaded Successfully - C:/Users/jongb/Desktop/temp\sales.csv
2025-11-15 11:33:50 - __main__ - INFO - Chunked file is Uploaded Successfully - C:/Users/jongb/Desktop/temp\sales.csv
2025-11-15 11:33:52 - __main__ - INFO - Chunked file is Uploaded Successfully - C:/Users/jongb/Desktop/temp\sub_01\sub_02\Speech and Language Processing.pdf
2025-11-15 11:33:54 - __main__ - INFO - Chunked file is Uploaded Successfully - C:/Users/jongb/Desktop/temp\sub_01\sub_02\Speech and Language Processing.pdf
2025-11-15 11:33:56 - __main__ - INFO - Chunked file is Uploaded Successfully - C:/Users/jongb/Desktop/temp\sub_01\sub_02\Speech and Language Processing.pdf
2025-11-15 11:49:46 - __main__ - INFO - Chunked file is Uploaded Successfully - C:/Users/jongb/Desktop/temp\Foundations of Large Language Models_2501.09223v2.pdf
2025-11-15 11:49:49 - __main__ - INFO - Chunked file is Uploaded Successfully - C:/Users/jongb/Desktop/temp\sales.csv
2025-11-15 11:49:51 - __main__ - INFO - Chunked file is Uploaded Successfully - C:/Users/jongb/Desktop/temp\sales.csv
2025-11-15 11:49:53 - __main__ - INFO - Chunked file is Uploaded Successfully - C:/Users/jongb/Desktop/temp\sub_01\sub_02\Speech and Language Processing.pdf
2025-11-15 11:49:55 - __main__ - INFO - Chunked file is Uploaded Successfully - C:/Users/jongb/Desktop/temp\sub_01\sub_02\Speech and Language Processing.pdf
2025-11-15 11:49:57 - __main__ - INFO - Chunked file is Uploaded Successfully - C:/Users/jongb/Desktop/temp\sub_01\sub_02\Speech and Language Processing.pdf
2025-11-15 11:52:31 - __main__ - INFO - Chunked file is Uploaded Successfully - C:/Users/jongb/Desktop/temp\Foundations of Large Language Models_2501.09223v2.pdf
2025-11-15 11:52:33 - __main__ - INFO - Chunked file is Uploaded Successfully - C:/Users/jongb/Desktop/temp\sales.csv
2025-11-15 11:52:35 - __main__ - INFO - Chunked file is Uploaded Successfully - C:/Users/jongb/Desktop/temp\sales.csv
2025-11-15 11:52:37 - __main__ - INFO - Chunked file is Uploaded Successfully - C:/Users/jongb/Desktop/temp\sub_01\sub_02\Speech and Language Processing.pdf
2025-11-15 11:52:39 - __main__ - INFO - Chunked file is Uploaded Successfully - C:/Users/jongb/Desktop/temp\sub_01\sub_02\Speech and Language Processing.pdf
2025-11-15 11:52:41 - __main__ - INFO - Chunked file is Uploaded Successfully - C:/Users/jongb/Desktop/temp\sub_01\sub_02\Speech and Language Processing.pdf
2025-11-15 11:55:27 - __main__ - INFO - Chunked file is Uploaded Successfully - C:/Users/jongb/Desktop/temp\Foundations of Large Language Models_2501.09223v2.pdf
2025-11-15 11:55:29 - __main__ - INFO - Chunked file is Uploaded Successfully - C:/Users/jongb/Desktop/temp\sales.csv
2025-11-15 11:55:31 - __main__ - INFO - Chunked file is Uploaded Successfully - C:/Users/jongb/Desktop/temp\sales.csv
2025-11-15 11:55:34 - __main__ - INFO - Chunked file is Uploaded Successfully - C:/Users/jongb/Desktop/temp\sub_01\sub_02\Speech and Language Processing.pdf
2025-11-15 11:55:36 - __main__ - INFO - Chunked file is Uploaded Successfully - C:/Users/jongb/Desktop/temp\sub_01\sub_02\Speech and Language Processing.pdf
2025-11-15 11:55:38 - __main__ - INFO - Chunked file is Uploaded Successfully - C:/Users/jongb/Desktop/temp\sub_01\sub_02\Speech and Language Processing.pdf
2025-11-15 11:58:27 - __main__ - INFO - Chunked file is Uploaded Successfully - C:/Users/jongb/Desktop/temp\Foundations of Large Language Models_2501.09223v2.pdf
2025-11-15 11:58:29 - __main__ - INFO - Chunked file is Uploaded Successfully - C:/Users/jongb/Desktop/temp\sales.csv
2025-11-15 11:58:31 - __main__ - INFO - Chunked file is Uploaded Successfully - C:/Users/jongb/Desktop/temp\sales.csv
2025-11-15 11:58:33 - __main__ - INFO - Chunked file is Uploaded Successfully - C:/Users/jongb/Desktop/temp\sub_01\sub_02\Speech and Language Processing.pdf
2025-11-15 11:58:35 - __main__ - INFO - Chunked file is Uploaded Successfully - C:/Users/jongb/Desktop/temp\sub_01\sub_02\Speech and Language Processing.pdf
2025-11-15 11:58:37 - __main__ - INFO - Chunked file is Uploaded Successfully - C:/Users/jongb/Desktop/temp\sub_01\sub_02\Speech and Language Processing.pdf
